unload bsc/1.0 (PATH, MANPATH)
unload UCX/1.15.0 (PATH, LD_LIBRARY_PATH, LIBRARY_PATH, C_INCLUDE_PATH,
CPLUS_INCLUDE_PATH) 
remove mkl/2023.2.0 (LD_LIBRARY_PATH)
remove impi/2021.10.0 (PATH, MANPATH, LD_LIBRARY_PATH)
load cmake/3.25.1 (LD_LIBRARY_PATH)
Set INTEL compilers as MPI wrappers backend
load impi/2021.10.0 (PATH, MANPATH, LD_LIBRARY_PATH)
load mkl/2023.2.0 (LD_LIBRARY_PATH)
load UCX/1.15.0 (PATH, LD_LIBRARY_PATH, LIBRARY_PATH, C_INCLUDE_PATH,
CPLUS_INCLUDE_PATH) 
load fftw/3.3.10 (LD_LIBRARY_PATH)
load dlb/3.5.2 (impi) (PATH, LD_LIBRARY_PATH, MANPATH, DLB_HOME)
unload UCX/1.15.0 (PATH, LD_LIBRARY_PATH, LIBRARY_PATH, C_INCLUDE_PATH,
CPLUS_INCLUDE_PATH) 
load UCX/1.15.0 (PATH, LD_LIBRARY_PATH, LIBRARY_PATH, C_INCLUDE_PATH,
CPLUS_INCLUDE_PATH) 

real	13m5.627s
user	0m0.192s
sys	0m0.862s
